<?xml version="1.0"?>
<testsuite name="HeadlessChrome 79.0.3945 (Windows 10.0.0)" package="" timestamp="2019-12-22T18:48:46" id="0" hostname="BREEZE" tests="3" errors="0" failures="0" time="0.326">
  <properties>
    <property name="browser.fullName" value="Mozilla/5.0 (Windows NT 10.0; Win64; x64) AppleWebKit/537.36 (KHTML, like Gecko) HeadlessChrome/79.0.3945.88 Safari/537.36"/>
  </properties>
  <testcase name="AppComponent should create the app" time="0.171" classname="HeadlessChrome_79_0_3945_(Windows_10_0_0).AppComponent"/>
  <testcase name="AppComponent should have as title 'sampleapp'" time="0.081" classname="HeadlessChrome_79_0_3945_(Windows_10_0_0).AppComponent"/>
  <testcase name="AppComponent should render title" time="0.074" classname="HeadlessChrome_79_0_3945_(Windows_10_0_0).AppComponent"/>
  <system-out>
    <![CDATA[
]]>
  </system-out>
  <system-err/>
</testsuite>